# Logfile created on 2014-03-15 21:16:55 -0400 by logger.rb/31641
I, [2014-03-15T21:16:55.943259 #88351]  INFO -- : 0:  blankslate (2.1.2.4) from /Users/Erik/.rvm/gems/ruby-2.1.0/specifications/blankslate-2.1.2.4.gemspec
I, [2014-03-15T21:16:55.943893 #88351]  INFO -- : 0:  fast-stemmer (1.0.2) from /Users/Erik/.rvm/gems/ruby-2.1.0/specifications/fast-stemmer-1.0.2.gemspec
I, [2014-03-15T21:16:55.944637 #88351]  INFO -- : 0:  classifier (1.3.4) from /Users/Erik/.rvm/gems/ruby-2.1.0/specifications/classifier-1.3.4.gemspec
I, [2014-03-15T21:16:57.771688 #88351]  INFO -- : 0:  coffee-script-source (1.7.0) from /Users/Erik/.rvm/gems/ruby-2.1.0/specifications/coffee-script-source-1.7.0.gemspec
I, [2014-03-15T21:16:59.204125 #88351]  INFO -- : 0:  execjs (2.0.2) from /Users/Erik/.rvm/gems/ruby-2.1.0/specifications/execjs-2.0.2.gemspec
I, [2014-03-15T21:16:59.906508 #88351]  INFO -- : 0:  coffee-script (2.2.0) from /Users/Erik/.rvm/gems/ruby-2.1.0/specifications/coffee-script-2.2.0.gemspec
I, [2014-03-15T21:16:59.907096 #88351]  INFO -- : 0:  colorator (0.1) from /Users/Erik/.rvm/gems/ruby-2.1.0/specifications/colorator-0.1.gemspec
I, [2014-03-15T21:16:59.907451 #88351]  INFO -- : 0:  ffi (1.9.3) from /Users/Erik/.rvm/gems/ruby-2.1.0/specifications/ffi-1.9.3.gemspec
I, [2014-03-15T21:17:01.222408 #88351]  INFO -- : 0:  jekyll-coffeescript (1.0.0) from /Users/Erik/.rvm/gems/ruby-2.1.0/specifications/jekyll-coffeescript-1.0.0.gemspec
I, [2014-03-15T21:17:02.679788 #88351]  INFO -- : 0:  liquid (2.5.5) from /Users/Erik/.rvm/gems/ruby-2.1.0/specifications/liquid-2.5.5.gemspec
I, [2014-03-15T21:17:02.680250 #88351]  INFO -- : 0:  rb-fsevent (0.9.4) from /Users/Erik/.rvm/gems/ruby-2.1.0/specifications/rb-fsevent-0.9.4.gemspec
I, [2014-03-15T21:17:02.680581 #88351]  INFO -- : 0:  rb-inotify (0.9.3) from /Users/Erik/.rvm/gems/ruby-2.1.0/specifications/rb-inotify-0.9.3.gemspec
I, [2014-03-15T21:17:04.137368 #88351]  INFO -- : 0:  rb-kqueue (0.2.2) from /Users/Erik/.rvm/gems/ruby-2.1.0/specifications/rb-kqueue-0.2.2.gemspec
I, [2014-03-15T21:17:04.137900 #88351]  INFO -- : 0:  listen (1.3.1) from /Users/Erik/.rvm/gems/ruby-2.1.0/specifications/listen-1.3.1.gemspec
I, [2014-03-15T21:17:04.138327 #88351]  INFO -- : 0:  maruku (0.7.0) from /Users/Erik/.rvm/gems/ruby-2.1.0/specifications/maruku-0.7.0.gemspec
I, [2014-03-15T21:17:05.442022 #88351]  INFO -- : 0:  mercenary (0.2.1) from /Users/Erik/.rvm/gems/ruby-2.1.0/specifications/mercenary-0.2.1.gemspec
I, [2014-03-15T21:17:05.442476 #88351]  INFO -- : 0:  posix-spawn (0.3.8) from /Users/Erik/.rvm/gems/ruby-2.1.0/specifications/posix-spawn-0.3.8.gemspec
I, [2014-03-15T21:17:05.442844 #88351]  INFO -- : 0:  yajl-ruby (1.1.0) from /Users/Erik/.rvm/gems/ruby-2.1.0/specifications/yajl-ruby-1.1.0.gemspec
I, [2014-03-15T21:17:05.443367 #88351]  INFO -- : 0:  pygments.rb (0.5.4) from /Users/Erik/.rvm/gems/ruby-2.1.0/specifications/pygments.rb-0.5.4.gemspec
I, [2014-03-15T21:17:09.280064 #88351]  INFO -- : 0:  redcarpet (3.1.1) from /Users/Erik/.rvm/gems/ruby-2.1.0/specifications/redcarpet-3.1.1.gemspec
I, [2014-03-15T21:17:11.027485 #88351]  INFO -- : 0:  safe_yaml (1.0.1) from /Users/Erik/.rvm/gems/ruby-2.1.0/specifications/safe_yaml-1.0.1.gemspec
I, [2014-03-15T21:17:13.223780 #88351]  INFO -- : 0:  sass (3.3.3) from /Users/Erik/.rvm/gems/ruby-2.1.0/specifications/sass-3.3.3.gemspec
I, [2014-03-15T21:17:13.224321 #88351]  INFO -- : 0:  parslet (1.5.0) from /Users/Erik/.rvm/gems/ruby-2.1.0/specifications/parslet-1.5.0.gemspec
I, [2014-03-15T21:17:14.497223 #88351]  INFO -- : 0:  toml (0.1.1) from /Users/Erik/.rvm/gems/ruby-2.1.0/specifications/toml-0.1.1.gemspec
I, [2014-03-15T21:17:17.977593 #88351]  INFO -- : 0:  jekyll (2.0.0.alpha.1) from /Users/Erik/.rvm/gems/ruby-2.1.0/specifications/jekyll-2.0.0.alpha.1.gemspec
I, [2014-03-15T21:17:17.978020 #88351]  INFO -- : 0:  bundler (1.5.1) from /Users/Erik/.rvm/gems/ruby-2.1.0@global/specifications/bundler-1.5.1.gemspec
I, [2014-03-15T21:17:41.960358 #88518]  INFO -- : 0:  blankslate (2.1.2.4) from /Users/Erik/.rvm/gems/ruby-2.1.0/specifications/blankslate-2.1.2.4.gemspec
I, [2014-03-15T21:17:41.960830 #88518]  INFO -- : 0:  fast-stemmer (1.0.2) from /Users/Erik/.rvm/gems/ruby-2.1.0/specifications/fast-stemmer-1.0.2.gemspec
I, [2014-03-15T21:17:41.961150 #88518]  INFO -- : 0:  classifier (1.3.4) from /Users/Erik/.rvm/gems/ruby-2.1.0/specifications/classifier-1.3.4.gemspec
I, [2014-03-15T21:17:41.961468 #88518]  INFO -- : 0:  coffee-script-source (1.7.0) from /Users/Erik/.rvm/gems/ruby-2.1.0/specifications/coffee-script-source-1.7.0.gemspec
I, [2014-03-15T21:17:41.961827 #88518]  INFO -- : 0:  execjs (2.0.2) from /Users/Erik/.rvm/gems/ruby-2.1.0/specifications/execjs-2.0.2.gemspec
I, [2014-03-15T21:17:41.962125 #88518]  INFO -- : 0:  coffee-script (2.2.0) from /Users/Erik/.rvm/gems/ruby-2.1.0/specifications/coffee-script-2.2.0.gemspec
I, [2014-03-15T21:17:41.962424 #88518]  INFO -- : 0:  colorator (0.1) from /Users/Erik/.rvm/gems/ruby-2.1.0/specifications/colorator-0.1.gemspec
I, [2014-03-15T21:17:41.962722 #88518]  INFO -- : 0:  ffi (1.9.3) from /Users/Erik/.rvm/gems/ruby-2.1.0/specifications/ffi-1.9.3.gemspec
I, [2014-03-15T21:17:41.963016 #88518]  INFO -- : 0:  jekyll-coffeescript (1.0.0) from /Users/Erik/.rvm/gems/ruby-2.1.0/specifications/jekyll-coffeescript-1.0.0.gemspec
I, [2014-03-15T21:17:41.963327 #88518]  INFO -- : 0:  liquid (2.5.5) from /Users/Erik/.rvm/gems/ruby-2.1.0/specifications/liquid-2.5.5.gemspec
I, [2014-03-15T21:17:41.963650 #88518]  INFO -- : 0:  rb-fsevent (0.9.4) from /Users/Erik/.rvm/gems/ruby-2.1.0/specifications/rb-fsevent-0.9.4.gemspec
I, [2014-03-15T21:17:41.963949 #88518]  INFO -- : 0:  rb-inotify (0.9.3) from /Users/Erik/.rvm/gems/ruby-2.1.0/specifications/rb-inotify-0.9.3.gemspec
I, [2014-03-15T21:17:41.964249 #88518]  INFO -- : 0:  rb-kqueue (0.2.2) from /Users/Erik/.rvm/gems/ruby-2.1.0/specifications/rb-kqueue-0.2.2.gemspec
I, [2014-03-15T21:17:41.964577 #88518]  INFO -- : 0:  listen (1.3.1) from /Users/Erik/.rvm/gems/ruby-2.1.0/specifications/listen-1.3.1.gemspec
I, [2014-03-15T21:17:41.964868 #88518]  INFO -- : 0:  maruku (0.7.0) from /Users/Erik/.rvm/gems/ruby-2.1.0/specifications/maruku-0.7.0.gemspec
I, [2014-03-15T21:17:41.965165 #88518]  INFO -- : 0:  mercenary (0.2.1) from /Users/Erik/.rvm/gems/ruby-2.1.0/specifications/mercenary-0.2.1.gemspec
I, [2014-03-15T21:17:41.965457 #88518]  INFO -- : 0:  posix-spawn (0.3.8) from /Users/Erik/.rvm/gems/ruby-2.1.0/specifications/posix-spawn-0.3.8.gemspec
I, [2014-03-15T21:17:41.965750 #88518]  INFO -- : 0:  yajl-ruby (1.1.0) from /Users/Erik/.rvm/gems/ruby-2.1.0/specifications/yajl-ruby-1.1.0.gemspec
I, [2014-03-15T21:17:41.966045 #88518]  INFO -- : 0:  pygments.rb (0.5.4) from /Users/Erik/.rvm/gems/ruby-2.1.0/specifications/pygments.rb-0.5.4.gemspec
I, [2014-03-15T21:17:41.966338 #88518]  INFO -- : 0:  redcarpet (3.1.1) from /Users/Erik/.rvm/gems/ruby-2.1.0/specifications/redcarpet-3.1.1.gemspec
I, [2014-03-15T21:17:41.966634 #88518]  INFO -- : 0:  safe_yaml (1.0.1) from /Users/Erik/.rvm/gems/ruby-2.1.0/specifications/safe_yaml-1.0.1.gemspec
I, [2014-03-15T21:17:41.966928 #88518]  INFO -- : 0:  sass (3.3.3) from /Users/Erik/.rvm/gems/ruby-2.1.0/specifications/sass-3.3.3.gemspec
I, [2014-03-15T21:17:41.967229 #88518]  INFO -- : 0:  parslet (1.5.0) from /Users/Erik/.rvm/gems/ruby-2.1.0/specifications/parslet-1.5.0.gemspec
I, [2014-03-15T21:17:41.967529 #88518]  INFO -- : 0:  toml (0.1.1) from /Users/Erik/.rvm/gems/ruby-2.1.0/specifications/toml-0.1.1.gemspec
I, [2014-03-15T21:17:41.967852 #88518]  INFO -- : 0:  jekyll (2.0.0.alpha.1) from /Users/Erik/.rvm/gems/ruby-2.1.0/specifications/jekyll-2.0.0.alpha.1.gemspec
I, [2014-03-15T21:17:41.968135 #88518]  INFO -- : 0:  bundler (1.5.1) from /Users/Erik/.rvm/gems/ruby-2.1.0@global/specifications/bundler-1.5.1.gemspec
I, [2014-03-15T21:18:15.086499 #88662]  INFO -- : 0:  blankslate (2.1.2.4) from /Users/Erik/.rvm/gems/ruby-2.1.0/specifications/blankslate-2.1.2.4.gemspec
I, [2014-03-15T21:18:15.092734 #88662]  INFO -- : 0:  fast-stemmer (1.0.2) from /Users/Erik/.rvm/gems/ruby-2.1.0/specifications/fast-stemmer-1.0.2.gemspec
I, [2014-03-15T21:18:15.093161 #88662]  INFO -- : 0:  classifier (1.3.4) from /Users/Erik/.rvm/gems/ruby-2.1.0/specifications/classifier-1.3.4.gemspec
I, [2014-03-15T21:18:15.093867 #88662]  INFO -- : 0:  coffee-script-source (1.7.0) from /Users/Erik/.rvm/gems/ruby-2.1.0/specifications/coffee-script-source-1.7.0.gemspec
I, [2014-03-15T21:18:15.094265 #88662]  INFO -- : 0:  execjs (2.0.2) from /Users/Erik/.rvm/gems/ruby-2.1.0/specifications/execjs-2.0.2.gemspec
I, [2014-03-15T21:18:15.094623 #88662]  INFO -- : 0:  coffee-script (2.2.0) from /Users/Erik/.rvm/gems/ruby-2.1.0/specifications/coffee-script-2.2.0.gemspec
I, [2014-03-15T21:18:15.094929 #88662]  INFO -- : 0:  colorator (0.1) from /Users/Erik/.rvm/gems/ruby-2.1.0/specifications/colorator-0.1.gemspec
I, [2014-03-15T21:18:15.095223 #88662]  INFO -- : 0:  ffi (1.9.3) from /Users/Erik/.rvm/gems/ruby-2.1.0/specifications/ffi-1.9.3.gemspec
I, [2014-03-15T21:18:15.095518 #88662]  INFO -- : 0:  jekyll-coffeescript (1.0.0) from /Users/Erik/.rvm/gems/ruby-2.1.0/specifications/jekyll-coffeescript-1.0.0.gemspec
I, [2014-03-15T21:18:15.095821 #88662]  INFO -- : 0:  liquid (2.5.5) from /Users/Erik/.rvm/gems/ruby-2.1.0/specifications/liquid-2.5.5.gemspec
I, [2014-03-15T21:18:15.096108 #88662]  INFO -- : 0:  rb-fsevent (0.9.4) from /Users/Erik/.rvm/gems/ruby-2.1.0/specifications/rb-fsevent-0.9.4.gemspec
I, [2014-03-15T21:18:15.096395 #88662]  INFO -- : 0:  rb-inotify (0.9.3) from /Users/Erik/.rvm/gems/ruby-2.1.0/specifications/rb-inotify-0.9.3.gemspec
I, [2014-03-15T21:18:15.096695 #88662]  INFO -- : 0:  rb-kqueue (0.2.2) from /Users/Erik/.rvm/gems/ruby-2.1.0/specifications/rb-kqueue-0.2.2.gemspec
I, [2014-03-15T21:18:15.096986 #88662]  INFO -- : 0:  listen (1.3.1) from /Users/Erik/.rvm/gems/ruby-2.1.0/specifications/listen-1.3.1.gemspec
I, [2014-03-15T21:18:15.097274 #88662]  INFO -- : 0:  maruku (0.7.0) from /Users/Erik/.rvm/gems/ruby-2.1.0/specifications/maruku-0.7.0.gemspec
I, [2014-03-15T21:18:15.097562 #88662]  INFO -- : 0:  mercenary (0.2.1) from /Users/Erik/.rvm/gems/ruby-2.1.0/specifications/mercenary-0.2.1.gemspec
I, [2014-03-15T21:18:15.097855 #88662]  INFO -- : 0:  posix-spawn (0.3.8) from /Users/Erik/.rvm/gems/ruby-2.1.0/specifications/posix-spawn-0.3.8.gemspec
I, [2014-03-15T21:18:15.098146 #88662]  INFO -- : 0:  yajl-ruby (1.1.0) from /Users/Erik/.rvm/gems/ruby-2.1.0/specifications/yajl-ruby-1.1.0.gemspec
I, [2014-03-15T21:18:15.098429 #88662]  INFO -- : 0:  pygments.rb (0.5.4) from /Users/Erik/.rvm/gems/ruby-2.1.0/specifications/pygments.rb-0.5.4.gemspec
I, [2014-03-15T21:18:15.098721 #88662]  INFO -- : 0:  redcarpet (3.1.1) from /Users/Erik/.rvm/gems/ruby-2.1.0/specifications/redcarpet-3.1.1.gemspec
I, [2014-03-15T21:18:15.099010 #88662]  INFO -- : 0:  safe_yaml (1.0.1) from /Users/Erik/.rvm/gems/ruby-2.1.0/specifications/safe_yaml-1.0.1.gemspec
I, [2014-03-15T21:18:15.099293 #88662]  INFO -- : 0:  sass (3.3.3) from /Users/Erik/.rvm/gems/ruby-2.1.0/specifications/sass-3.3.3.gemspec
I, [2014-03-15T21:18:15.099575 #88662]  INFO -- : 0:  parslet (1.5.0) from /Users/Erik/.rvm/gems/ruby-2.1.0/specifications/parslet-1.5.0.gemspec
I, [2014-03-15T21:18:15.099865 #88662]  INFO -- : 0:  toml (0.1.1) from /Users/Erik/.rvm/gems/ruby-2.1.0/specifications/toml-0.1.1.gemspec
I, [2014-03-15T21:18:15.100156 #88662]  INFO -- : 0:  jekyll (2.0.0.alpha.1) from /Users/Erik/.rvm/gems/ruby-2.1.0/specifications/jekyll-2.0.0.alpha.1.gemspec
I, [2014-03-15T21:18:15.100433 #88662]  INFO -- : 0:  bundler (1.5.1) from /Users/Erik/.rvm/gems/ruby-2.1.0@global/specifications/bundler-1.5.1.gemspec
I, [2014-03-15T21:19:46.476005 #88669]  INFO -- : 0:  blankslate (2.1.2.4) from /Users/Erik/.rvm/gems/ruby-2.1.0/specifications/blankslate-2.1.2.4.gemspec
I, [2014-03-15T21:19:46.476470 #88669]  INFO -- : 0:  fast-stemmer (1.0.2) from /Users/Erik/.rvm/gems/ruby-2.1.0/specifications/fast-stemmer-1.0.2.gemspec
I, [2014-03-15T21:19:46.476854 #88669]  INFO -- : 0:  classifier (1.3.4) from /Users/Erik/.rvm/gems/ruby-2.1.0/specifications/classifier-1.3.4.gemspec
I, [2014-03-15T21:19:46.477228 #88669]  INFO -- : 0:  coffee-script-source (1.7.0) from /Users/Erik/.rvm/gems/ruby-2.1.0/specifications/coffee-script-source-1.7.0.gemspec
I, [2014-03-15T21:19:46.477620 #88669]  INFO -- : 0:  execjs (2.0.2) from /Users/Erik/.rvm/gems/ruby-2.1.0/specifications/execjs-2.0.2.gemspec
I, [2014-03-15T21:19:46.477990 #88669]  INFO -- : 0:  coffee-script (2.2.0) from /Users/Erik/.rvm/gems/ruby-2.1.0/specifications/coffee-script-2.2.0.gemspec
I, [2014-03-15T21:19:46.478387 #88669]  INFO -- : 0:  colorator (0.1) from /Users/Erik/.rvm/gems/ruby-2.1.0/specifications/colorator-0.1.gemspec
I, [2014-03-15T21:19:46.478757 #88669]  INFO -- : 0:  ffi (1.9.3) from /Users/Erik/.rvm/gems/ruby-2.1.0/specifications/ffi-1.9.3.gemspec
I, [2014-03-15T21:19:46.479145 #88669]  INFO -- : 0:  jekyll-coffeescript (1.0.0) from /Users/Erik/.rvm/gems/ruby-2.1.0/specifications/jekyll-coffeescript-1.0.0.gemspec
I, [2014-03-15T21:19:46.479528 #88669]  INFO -- : 0:  liquid (2.5.5) from /Users/Erik/.rvm/gems/ruby-2.1.0/specifications/liquid-2.5.5.gemspec
I, [2014-03-15T21:19:46.479938 #88669]  INFO -- : 0:  rb-fsevent (0.9.4) from /Users/Erik/.rvm/gems/ruby-2.1.0/specifications/rb-fsevent-0.9.4.gemspec
I, [2014-03-15T21:19:46.480452 #88669]  INFO -- : 0:  rb-inotify (0.9.3) from /Users/Erik/.rvm/gems/ruby-2.1.0/specifications/rb-inotify-0.9.3.gemspec
I, [2014-03-15T21:19:46.480937 #88669]  INFO -- : 0:  rb-kqueue (0.2.2) from /Users/Erik/.rvm/gems/ruby-2.1.0/specifications/rb-kqueue-0.2.2.gemspec
I, [2014-03-15T21:19:46.481401 #88669]  INFO -- : 0:  listen (1.3.1) from /Users/Erik/.rvm/gems/ruby-2.1.0/specifications/listen-1.3.1.gemspec
I, [2014-03-15T21:19:46.481828 #88669]  INFO -- : 0:  maruku (0.7.0) from /Users/Erik/.rvm/gems/ruby-2.1.0/specifications/maruku-0.7.0.gemspec
I, [2014-03-15T21:19:46.482280 #88669]  INFO -- : 0:  mercenary (0.2.1) from /Users/Erik/.rvm/gems/ruby-2.1.0/specifications/mercenary-0.2.1.gemspec
I, [2014-03-15T21:19:46.482666 #88669]  INFO -- : 0:  posix-spawn (0.3.8) from /Users/Erik/.rvm/gems/ruby-2.1.0/specifications/posix-spawn-0.3.8.gemspec
I, [2014-03-15T21:19:46.483125 #88669]  INFO -- : 0:  yajl-ruby (1.1.0) from /Users/Erik/.rvm/gems/ruby-2.1.0/specifications/yajl-ruby-1.1.0.gemspec
I, [2014-03-15T21:19:46.483546 #88669]  INFO -- : 0:  pygments.rb (0.5.4) from /Users/Erik/.rvm/gems/ruby-2.1.0/specifications/pygments.rb-0.5.4.gemspec
I, [2014-03-15T21:19:46.483970 #88669]  INFO -- : 0:  redcarpet (3.1.1) from /Users/Erik/.rvm/gems/ruby-2.1.0/specifications/redcarpet-3.1.1.gemspec
I, [2014-03-15T21:19:46.484409 #88669]  INFO -- : 0:  safe_yaml (1.0.1) from /Users/Erik/.rvm/gems/ruby-2.1.0/specifications/safe_yaml-1.0.1.gemspec
I, [2014-03-15T21:19:46.484781 #88669]  INFO -- : 0:  sass (3.3.3) from /Users/Erik/.rvm/gems/ruby-2.1.0/specifications/sass-3.3.3.gemspec
I, [2014-03-15T21:19:46.485228 #88669]  INFO -- : 0:  parslet (1.5.0) from /Users/Erik/.rvm/gems/ruby-2.1.0/specifications/parslet-1.5.0.gemspec
I, [2014-03-15T21:19:46.485628 #88669]  INFO -- : 0:  toml (0.1.1) from /Users/Erik/.rvm/gems/ruby-2.1.0/specifications/toml-0.1.1.gemspec
I, [2014-03-15T21:19:46.486052 #88669]  INFO -- : 0:  jekyll (2.0.0.alpha.1) from /Users/Erik/.rvm/gems/ruby-2.1.0/specifications/jekyll-2.0.0.alpha.1.gemspec
I, [2014-03-15T21:19:48.350782 #88669]  INFO -- : 0:  rouge (1.3.3) from /Users/Erik/.rvm/gems/ruby-2.1.0/specifications/rouge-1.3.3.gemspec
I, [2014-03-15T21:19:48.351229 #88669]  INFO -- : 0:  bundler (1.5.1) from /Users/Erik/.rvm/gems/ruby-2.1.0@global/specifications/bundler-1.5.1.gemspec
